<?xml version="1.0" encoding="UTF-8"?>
<testsuites name="Test Suite1" time="81.229" tests="3" failures="0" errors="0">
   <testsuite name="Test Suite1" tests="3" failures="0" errors="0" time="81.229" skipped="0" timestamp="2022-10-12 15:05:15" hostname="OrCon - DESKTOP-3VGOKDA" id="Test Suites/Test Suite1">
      <properties>
         <property name="deviceName" value=""/>
         <property name="devicePlatform" value=""/>
         <property name="logFolder" value="C:\\Users\\OrCon\\git\\KatalonGitFreeProject\\KatalonGitFreeProject\\KatalonGitFreeProject\\Reports\\20221012_150505\\Test Suite1\\20221012_150505"/>
         <property name="logFiles" value="C:\\Users\\OrCon\\git\\KatalonGitFreeProject\\KatalonGitFreeProject\\KatalonGitFreeProject\\Reports\\20221012_150505\\Test Suite1\\20221012_150505\\execution0.log"/>
         <property name="attachments" value=""/>
         <property name="hostName" value="OrCon - DESKTOP-3VGOKDA"/>
         <property name="os" value="Windows 10 64bit"/>
         <property name="katalonVersion" value="8.5.1.208"/>
         <property name="browser" value="Chrome 106.0.0.0"/>
         <property name="hostAddress" value="10.22.20.100"/>
         <property name="sessionId" value="5f1b460b46394363ca937dffd85a3184"/>
         <property name="seleniumVersion" value="3.141.59"/>
         <property name="proxyInformation" value="ProxyInformation { proxyOption=NO_PROXY, proxyServerType=HTTP, username=, password=********, proxyServerAddress=, proxyServerPort=0, executionList=&quot;&quot;, isApplyToDesiredCapabilities=true }"/>
         <property name="platform" value="Windows 10"/>
      </properties>
      <testcase name="Test Cases/MyFirstTestCase" time="14.47" classname="Test Cases/MyFirstTestCase" status="PASSED">
         <system-out><![CDATA[2022-10-12 15:05:16 - [TEST_CASE][PASSED] - Test Cases/MyFirstTestCase: Test Cases/MyFirstTestCase

2022-10-12 15:05:16 - [TEST_STEP][PASSED] - Start listener action : beforeTestCase: null

2022-10-12 15:05:16 - [TEST_STEP][PASSED] - println("I am inside before Test Case Function"): null

2022-10-12 15:05:18 - [TEST_STEP][PASSED] - openBrowser("google.com"): Browser is opened with url: 'google.com'

2022-10-12 15:05:18 - [MESSAGE][INFO] - Starting 'Chrome' driver

2022-10-12 15:05:19 - [MESSAGE][INFO] - Action delay is set to 1,000 milliseconds

2022-10-12 15:05:30 - [MESSAGE][PASSED] - Browser is opened with url: 'google.com'

2022-10-12 15:05:30 - [TEST_STEP][PASSED] - Start listener action : afterTestCase: null

2022-10-12 15:05:30 - [TEST_STEP][PASSED] - println("I am inside After Test Case Function"): null]]></system-out>
         <system-err><![CDATA[]]></system-err>
      </testcase>
      <testcase name="Test Cases/BookAppointment" time="38.356" classname="Test Cases/BookAppointment" status="PASSED">
         <system-out><![CDATA[2022-10-12 15:05:30 - [TEST_CASE][PASSED] - Test Cases/BookAppointment: Test Cases/BookAppointment

2022-10-12 15:05:31 - [TEST_STEP][PASSED] - Start listener action : beforeTestCase: null

2022-10-12 15:05:31 - [TEST_STEP][PASSED] - println("I am inside before Test Case Function"): null

2022-10-12 15:05:32 - [TEST_STEP][PASSED] - openBrowser(""): Browser is opened with url: ''

2022-10-12 15:05:32 - [MESSAGE][WARNING] - A browser is already opened. Closing browser and opening a new one

2022-10-12 15:05:33 - [MESSAGE][INFO] - Starting 'Chrome' driver

2022-10-12 15:05:33 - [MESSAGE][INFO] - Action delay is set to 1,000 milliseconds

2022-10-12 15:05:34 - [MESSAGE][PASSED] - Browser is opened with url: ''

2022-10-12 15:05:34 - [TEST_STEP][PASSED] - navigateToUrl("https://katalon-demo-cura.herokuapp.com/"): Navigate to 'https://katalon-demo-cura.herokuapp.com/' successfully

2022-10-12 15:05:39 - [MESSAGE][PASSED] - Navigate to 'https://katalon-demo-cura.herokuapp.com/' successfully

2022-10-12 15:05:39 - [TEST_STEP][PASSED] - click(findTestObject("Object Repository/Page_CURA Healthcare Service/a_Make Appointment")): Object: 'Object Repository/Page_CURA Healthcare Service/a_Make Appointment' is clicked on

2022-10-12 15:05:41 - [MESSAGE][PASSED] - Object: 'Object Repository/Page_CURA Healthcare Service/a_Make Appointment' is clicked on

2022-10-12 15:05:41 - [TEST_STEP][PASSED] - click(findTestObject("Object Repository/Page_CURA Healthcare Service/div_Demo account_input-group")): Object: 'Object Repository/Page_CURA Healthcare Service/div_Demo account_input-group' is clicked on

2022-10-12 15:05:43 - [MESSAGE][PASSED] - Object: 'Object Repository/Page_CURA Healthcare Service/div_Demo account_input-group' is clicked on

2022-10-12 15:05:43 - [TEST_STEP][PASSED] - setText(findTestObject("Object Repository/Page_CURA Healthcare Service/input_Username_username"), "John Doe"): Text 'John Doe' is set on object 'Object Repository/Page_CURA Healthcare Service/input_Username_username'

2022-10-12 15:05:45 - [MESSAGE][PASSED] - Text 'John Doe' is set on object 'Object Repository/Page_CURA Healthcare Service/input_Username_username'

2022-10-12 15:05:45 - [TEST_STEP][PASSED] - click(findTestObject("Object Repository/Page_CURA Healthcare Service/input_Demo account_form-control")): Object: 'Object Repository/Page_CURA Healthcare Service/input_Demo account_form-control' is clicked on

2022-10-12 15:05:47 - [MESSAGE][PASSED] - Object: 'Object Repository/Page_CURA Healthcare Service/input_Demo account_form-control' is clicked on

2022-10-12 15:05:47 - [TEST_STEP][PASSED] - setEncryptedText(findTestObject("Object Repository/Page_CURA Healthcare Service/input_Password_password"), "g3/DOGG74jC3Flrr3yH+3D/yKbOqqUNM"): Text ****** has been set on object 'Object Repository/Page_CURA Healthcare Service/input_Password_password'

2022-10-12 15:05:50 - [MESSAGE][PASSED] - Text ****** has been set on object 'Object Repository/Page_CURA Healthcare Service/input_Password_password'

2022-10-12 15:05:50 - [TEST_STEP][PASSED] - click(findTestObject("Object Repository/Page_CURA Healthcare Service/button_Login")): Object: 'Object Repository/Page_CURA Healthcare Service/button_Login' is clicked on

2022-10-12 15:05:52 - [MESSAGE][PASSED] - Object: 'Object Repository/Page_CURA Healthcare Service/button_Login' is clicked on

2022-10-12 15:05:52 - [TEST_STEP][PASSED] - selectOptionByValue(findTestObject("Object Repository/Page_CURA Healthcare Service/select_Tokyo CURA Healthcare Center        _5b4107"), "Seoul CURA Healthcare Center", true): All options with value 'Seoul CURA Healthcare Center' are selected in object 'Object Repository/Page_CURA Healthcare Service/select_Tokyo CURA Healthcare Center        _5b4107'  using regular expression

2022-10-12 15:05:54 - [MESSAGE][PASSED] - All options with value 'Seoul CURA Healthcare Center' are selected in object 'Object Repository/Page_CURA Healthcare Service/select_Tokyo CURA Healthcare Center        _5b4107'  using regular expression

2022-10-12 15:05:54 - [TEST_STEP][PASSED] - click(findTestObject("Object Repository/Page_CURA Healthcare Service/input_Apply for hospital readmission_hospit_63901f")): Object: 'Object Repository/Page_CURA Healthcare Service/input_Apply for hospital readmission_hospit_63901f' is clicked on

2022-10-12 15:05:56 - [MESSAGE][PASSED] - Object: 'Object Repository/Page_CURA Healthcare Service/input_Apply for hospital readmission_hospit_63901f' is clicked on

2022-10-12 15:05:56 - [TEST_STEP][PASSED] - click(findTestObject("Object Repository/Page_CURA Healthcare Service/input_Medicaid_programs")): Object: 'Object Repository/Page_CURA Healthcare Service/input_Medicaid_programs' is clicked on

2022-10-12 15:05:57 - [MESSAGE][PASSED] - Object: 'Object Repository/Page_CURA Healthcare Service/input_Medicaid_programs' is clicked on

2022-10-12 15:05:57 - [TEST_STEP][PASSED] - click(findTestObject("Object Repository/Page_CURA Healthcare Service/span_Visit Date (Required)_glyphicon glyphi_cada34")): Object: 'Object Repository/Page_CURA Healthcare Service/span_Visit Date (Required)_glyphicon glyphi_cada34' is clicked on

2022-10-12 15:05:59 - [MESSAGE][PASSED] - Object: 'Object Repository/Page_CURA Healthcare Service/span_Visit Date (Required)_glyphicon glyphi_cada34' is clicked on

2022-10-12 15:05:59 - [TEST_STEP][PASSED] - click(findTestObject("Object Repository/Page_CURA Healthcare Service/td_28")): Object: 'Object Repository/Page_CURA Healthcare Service/td_28' is clicked on

2022-10-12 15:06:00 - [MESSAGE][PASSED] - Object: 'Object Repository/Page_CURA Healthcare Service/td_28' is clicked on

2022-10-12 15:06:00 - [TEST_STEP][PASSED] - setText(findTestObject("Object Repository/Page_CURA Healthcare Service/textarea_Comment_comment"), "My appointment is on 28th SEP 22"): Text 'My appointment is on 28th SEP 22' is set on object 'Object Repository/Page_CURA Healthcare Service/textarea_Comment_comment'

2022-10-12 15:06:03 - [MESSAGE][PASSED] - Text 'My appointment is on 28th SEP 22' is set on object 'Object Repository/Page_CURA Healthcare Service/textarea_Comment_comment'

2022-10-12 15:06:03 - [TEST_STEP][PASSED] - click(findTestObject("Object Repository/Page_CURA Healthcare Service/button_Book Appointment")): Object: 'Object Repository/Page_CURA Healthcare Service/button_Book Appointment' is clicked on

2022-10-12 15:06:05 - [MESSAGE][PASSED] - Object: 'Object Repository/Page_CURA Healthcare Service/button_Book Appointment' is clicked on

2022-10-12 15:06:05 - [TEST_STEP][PASSED] - verifyElementText(findTestObject("Object Repository/Page_CURA Healthcare Service/h2_Appointment Confirmation"), "Appointment Confirmation"): Actual text and expected text of test object 'Object Repository/Page_CURA Healthcare Service/h2_Appointment Confirmation' are matched.

2022-10-12 15:06:06 - [MESSAGE][PASSED] - Actual text and expected text of test object 'Object Repository/Page_CURA Healthcare Service/h2_Appointment Confirmation' are matched.

2022-10-12 15:06:06 - [TEST_STEP][PASSED] - click(findTestObject("Object Repository/Page_CURA Healthcare Service/a_Go to Homepage")): Object: 'Object Repository/Page_CURA Healthcare Service/a_Go to Homepage' is clicked on

2022-10-12 15:06:08 - [MESSAGE][PASSED] - Object: 'Object Repository/Page_CURA Healthcare Service/a_Go to Homepage' is clicked on

2022-10-12 15:06:08 - [TEST_STEP][PASSED] - closeBrowser(): Browser is closed

2022-10-12 15:06:09 - [MESSAGE][PASSED] - Browser is closed

2022-10-12 15:06:09 - [TEST_STEP][PASSED] - Start listener action : afterTestCase: null

2022-10-12 15:06:09 - [TEST_STEP][PASSED] - println("I am inside After Test Case Function"): null]]></system-out>
         <system-err><![CDATA[]]></system-err>
      </testcase>
      <testcase name="Test Cases/RecordModeTestCase" time="27.332" classname="Test Cases/RecordModeTestCase" status="PASSED">
         <system-out><![CDATA[2022-10-12 15:06:09 - [TEST_CASE][PASSED] - Test Cases/RecordModeTestCase: Test Cases/RecordModeTestCase

2022-10-12 15:06:09 - [TEST_STEP][PASSED] - Start listener action : beforeTestCase: null

2022-10-12 15:06:09 - [TEST_STEP][PASSED] - println("I am inside before Test Case Function"): null

2022-10-12 15:06:10 - [TEST_STEP][PASSED] - openBrowser(""): Browser is opened with url: ''

2022-10-12 15:06:10 - [MESSAGE][INFO] - Starting 'Chrome' driver

2022-10-12 15:06:10 - [MESSAGE][INFO] - Action delay is set to 1,000 milliseconds

2022-10-12 15:06:11 - [MESSAGE][PASSED] - Browser is opened with url: ''

2022-10-12 15:06:11 - [TEST_STEP][PASSED] - navigateToUrl("https://opensource-demo.orangehrmlive.com/web/index.php/auth/login"): Navigate to 'https://opensource-demo.orangehrmlive.com/web/index.php/auth/login' successfully

2022-10-12 15:06:18 - [MESSAGE][PASSED] - Navigate to 'https://opensource-demo.orangehrmlive.com/web/index.php/auth/login' successfully

2022-10-12 15:06:18 - [TEST_STEP][PASSED] - setText(findTestObject("Object Repository/RecordModeObjects/Page_OrangeHRM/input_Username_username"), "Admin"): Text 'Admin' is set on object 'Object Repository/RecordModeObjects/Page_OrangeHRM/input_Username_username'

2022-10-12 15:06:22 - [MESSAGE][PASSED] - Text 'Admin' is set on object 'Object Repository/RecordModeObjects/Page_OrangeHRM/input_Username_username'

2022-10-12 15:06:22 - [TEST_STEP][PASSED] - setEncryptedText(findTestObject("Object Repository/RecordModeObjects/Page_OrangeHRM/input_Password_password"), "hUKwJTbofgPU9eVlw/CnDQ=="): Text ****** has been set on object 'Object Repository/RecordModeObjects/Page_OrangeHRM/input_Password_password'

2022-10-12 15:06:25 - [MESSAGE][PASSED] - Text ****** has been set on object 'Object Repository/RecordModeObjects/Page_OrangeHRM/input_Password_password'

2022-10-12 15:06:25 - [TEST_STEP][PASSED] - click(findTestObject("Object Repository/RecordModeObjects/Page_OrangeHRM/button_Login")): Object: 'Object Repository/RecordModeObjects/Page_OrangeHRM/button_Login' is clicked on

2022-10-12 15:06:26 - [MESSAGE][PASSED] - Object: 'Object Repository/RecordModeObjects/Page_OrangeHRM/button_Login' is clicked on

2022-10-12 15:06:26 - [TEST_STEP][PASSED] - click(findTestObject("Object Repository/RecordModeObjects/Page_OrangeHRM/i_PIM_oxd-icon bi-caret-down-fill oxd-userd_9ba5b3")): Object: 'Object Repository/RecordModeObjects/Page_OrangeHRM/i_PIM_oxd-icon bi-caret-down-fill oxd-userd_9ba5b3' is clicked on

2022-10-12 15:06:32 - [MESSAGE][PASSED] - Object: 'Object Repository/RecordModeObjects/Page_OrangeHRM/i_PIM_oxd-icon bi-caret-down-fill oxd-userd_9ba5b3' is clicked on

2022-10-12 15:06:32 - [TEST_STEP][PASSED] - click(findTestObject("Object Repository/RecordModeObjects/Page_OrangeHRM/a_Logout")): Object: 'Object Repository/RecordModeObjects/Page_OrangeHRM/a_Logout' is clicked on

2022-10-12 15:06:35 - [MESSAGE][PASSED] - Object: 'Object Repository/RecordModeObjects/Page_OrangeHRM/a_Logout' is clicked on

2022-10-12 15:06:35 - [TEST_STEP][PASSED] - verifyElementText(findTestObject("Object Repository/RecordModeObjects/Page_OrangeHRM/h5_Login"), "Login"): Actual text and expected text of test object 'Object Repository/RecordModeObjects/Page_OrangeHRM/h5_Login' are matched.

2022-10-12 15:06:35 - [MESSAGE][PASSED] - Actual text and expected text of test object 'Object Repository/RecordModeObjects/Page_OrangeHRM/h5_Login' are matched.

2022-10-12 15:06:35 - [TEST_STEP][PASSED] - closeBrowser(): Browser is closed

2022-10-12 15:06:36 - [MESSAGE][PASSED] - Browser is closed

2022-10-12 15:06:36 - [TEST_STEP][PASSED] - Start listener action : afterTestCase: null

2022-10-12 15:06:36 - [TEST_STEP][PASSED] - println("I am inside After Test Case Function"): null]]></system-out>
         <system-err><![CDATA[]]></system-err>
      </testcase>
      <system-out><![CDATA[2022-10-12 15:05:15 - [TEST_SUITE][PASSED] - Test Suite1: Test Cases/RecordModeTestCase]]></system-out>
      <system-err><![CDATA[]]></system-err>
   </testsuite>
</testsuites>
