<?xml version="1.0" encoding="UTF-8"?>
<testsuites name="Test Suite2" time="47.949" tests="2" failures="0" errors="0">
   <testsuite name="Test Suite2" tests="2" failures="0" errors="0" time="47.949" skipped="0" timestamp="2022-09-22 11:58:02" hostname="OrCon - DESKTOP-3VGOKDA" id="Test Suites/Test Suite2">
      <properties>
         <property name="deviceName" value=""/>
         <property name="devicePlatform" value=""/>
         <property name="logFolder" value="C:\\Users\\OrCon\\git\\KatalonGitFreeProject\\KatalonGitFreeProject\\KatalonGitFreeProject\\Reports\\20220922_115752\\Test Suite2\\20220922_115755"/>
         <property name="logFiles" value="C:\\Users\\OrCon\\git\\KatalonGitFreeProject\\KatalonGitFreeProject\\KatalonGitFreeProject\\Reports\\20220922_115752\\Test Suite2\\20220922_115755\\execution0.log"/>
         <property name="attachments" value=""/>
         <property name="hostName" value="OrCon - DESKTOP-3VGOKDA"/>
         <property name="os" value="Windows 10 64bit"/>
         <property name="katalonVersion" value="8.4.1.208"/>
         <property name="browser" value="Firefox 105.0"/>
         <property name="hostAddress" value="192.168.1.16"/>
         <property name="sessionId" value="e09d99e2-5d6e-47af-9bdf-01f4fad03519"/>
         <property name="seleniumVersion" value="3.141.59"/>
         <property name="proxyInformation" value="ProxyInformation { proxyOption=NO_PROXY, proxyServerType=HTTP, username=, password=********, proxyServerAddress=, proxyServerPort=0, executionList=&quot;&quot;, isApplyToDesiredCapabilities=true }"/>
         <property name="platform" value="Windows 10"/>
      </properties>
      <testcase name="Test Cases/Environment Profile Demo" time="28.551" classname="Test Cases/Environment Profile Demo" status="PASSED">
         <system-out><![CDATA[2022-09-22 11:58:03 - [TEST_CASE][PASSED] - Test Cases/Environment Profile Demo: Test Cases/Environment Profile Demo

2022-09-22 11:58:04 - [TEST_STEP][PASSED] - openBrowser(""): Browser is opened with url: ''

2022-09-22 11:58:06 - [MESSAGE][INFO] - Starting 'Firefox' driver

2022-09-22 11:58:06 - [MESSAGE][INFO] - Action delay is set to 0 milliseconds

2022-09-22 11:58:15 - [MESSAGE][PASSED] - Browser is opened with url: ''

2022-09-22 11:58:15 - [TEST_STEP][PASSED] - navigateToUrl(URL): Navigate to 'https://admin-demo.nopcommerce.com/' successfully

2022-09-22 11:58:19 - [MESSAGE][PASSED] - Navigate to 'https://admin-demo.nopcommerce.com/' successfully

2022-09-22 11:58:19 - [TEST_STEP][PASSED] - click(findTestObject("Object Repository/EnvironmentProfileDemo/Page_Your store. Login/p_Admin email adminyourstore.com Admin pass_11085b")): Object: 'Object Repository/EnvironmentProfileDemo/Page_Your store. Login/p_Admin email adminyourstore.com Admin pass_11085b' is clicked on

2022-09-22 11:58:20 - [MESSAGE][PASSED] - Object: 'Object Repository/EnvironmentProfileDemo/Page_Your store. Login/p_Admin email adminyourstore.com Admin pass_11085b' is clicked on

2022-09-22 11:58:20 - [TEST_STEP][PASSED] - click(findTestObject("Object Repository/EnvironmentProfileDemo/Page_Your store. Login/div_Email")): Object: 'Object Repository/EnvironmentProfileDemo/Page_Your store. Login/div_Email' is clicked on

2022-09-22 11:58:21 - [MESSAGE][PASSED] - Object: 'Object Repository/EnvironmentProfileDemo/Page_Your store. Login/div_Email' is clicked on

2022-09-22 11:58:21 - [TEST_STEP][PASSED] - setText(findTestObject("Object Repository/EnvironmentProfileDemo/Page_Your store. Login/input_Email_Email"), USERNAME): Text 'admin@yourstore.com' is set on object 'Object Repository/EnvironmentProfileDemo/Page_Your store. Login/input_Email_Email'

2022-09-22 11:58:22 - [MESSAGE][PASSED] - Text 'admin@yourstore.com' is set on object 'Object Repository/EnvironmentProfileDemo/Page_Your store. Login/input_Email_Email'

2022-09-22 11:58:22 - [TEST_STEP][PASSED] - click(findTestObject("Object Repository/EnvironmentProfileDemo/Page_Your store. Login/div_Password")): Object: 'Object Repository/EnvironmentProfileDemo/Page_Your store. Login/div_Password' is clicked on

2022-09-22 11:58:23 - [MESSAGE][PASSED] - Object: 'Object Repository/EnvironmentProfileDemo/Page_Your store. Login/div_Password' is clicked on

2022-09-22 11:58:23 - [TEST_STEP][PASSED] - setEncryptedText(findTestObject("Object Repository/EnvironmentProfileDemo/Page_Your store. Login/input_Password_Password"), PASSWORD): Text ****** has been set on object 'Object Repository/EnvironmentProfileDemo/Page_Your store. Login/input_Password_Password'

2022-09-22 11:58:23 - [MESSAGE][PASSED] - Text ****** has been set on object 'Object Repository/EnvironmentProfileDemo/Page_Your store. Login/input_Password_Password'

2022-09-22 11:58:23 - [TEST_STEP][PASSED] - click(findTestObject("Object Repository/EnvironmentProfileDemo/Page_Your store. Login/button_Log in")): Object: 'Object Repository/EnvironmentProfileDemo/Page_Your store. Login/button_Log in' is clicked on

2022-09-22 11:58:28 - [MESSAGE][PASSED] - Object: 'Object Repository/EnvironmentProfileDemo/Page_Your store. Login/button_Log in' is clicked on

2022-09-22 11:58:28 - [TEST_STEP][PASSED] - click(findTestObject("Object Repository/EnvironmentProfileDemo/Page_Dashboard  nopCommerce administration/a_Logout")): Object: 'Object Repository/EnvironmentProfileDemo/Page_Dashboard  nopCommerce administration/a_Logout' is clicked on

2022-09-22 11:58:30 - [MESSAGE][PASSED] - Object: 'Object Repository/EnvironmentProfileDemo/Page_Dashboard  nopCommerce administration/a_Logout' is clicked on

2022-09-22 11:58:30 - [TEST_STEP][PASSED] - verifyElementPresent(findTestObject("Object Repository/EnvironmentProfileDemo/Page_Your store. Login/button_Log in"), 4): Object 'Object Repository/EnvironmentProfileDemo/Page_Your store. Login/button_Log in' is present

2022-09-22 11:58:31 - [MESSAGE][PASSED] - Object 'Object Repository/EnvironmentProfileDemo/Page_Your store. Login/button_Log in' is present

2022-09-22 11:58:31 - [TEST_STEP][PASSED] - closeBrowser(): Browser is closed

2022-09-22 11:58:32 - [MESSAGE][PASSED] - Browser is closed]]></system-out>
         <system-err><![CDATA[]]></system-err>
      </testcase>
      <testcase name="Test Cases/BookAppointment" time="18.544" classname="Test Cases/BookAppointment" status="PASSED">
         <system-out><![CDATA[2022-09-22 11:58:32 - [TEST_CASE][PASSED] - Test Cases/BookAppointment: Test Cases/BookAppointment

2022-09-22 11:58:32 - [TEST_STEP][PASSED] - openBrowser(""): Browser is opened with url: ''

2022-09-22 11:58:32 - [MESSAGE][INFO] - Starting 'Firefox' driver

2022-09-22 11:58:32 - [MESSAGE][INFO] - Action delay is set to 0 milliseconds

2022-09-22 11:58:37 - [MESSAGE][PASSED] - Browser is opened with url: ''

2022-09-22 11:58:37 - [TEST_STEP][PASSED] - navigateToUrl("https://katalon-demo-cura.herokuapp.com/"): Navigate to 'https://katalon-demo-cura.herokuapp.com/' successfully

2022-09-22 11:58:39 - [MESSAGE][PASSED] - Navigate to 'https://katalon-demo-cura.herokuapp.com/' successfully

2022-09-22 11:58:39 - [TEST_STEP][PASSED] - click(findTestObject("Object Repository/Page_CURA Healthcare Service/a_Make Appointment")): Object: 'Object Repository/Page_CURA Healthcare Service/a_Make Appointment' is clicked on

2022-09-22 11:58:40 - [MESSAGE][PASSED] - Object: 'Object Repository/Page_CURA Healthcare Service/a_Make Appointment' is clicked on

2022-09-22 11:58:40 - [TEST_STEP][PASSED] - click(findTestObject("Object Repository/Page_CURA Healthcare Service/div_Demo account_input-group")): Object: 'Object Repository/Page_CURA Healthcare Service/div_Demo account_input-group' is clicked on

2022-09-22 11:58:41 - [MESSAGE][PASSED] - Object: 'Object Repository/Page_CURA Healthcare Service/div_Demo account_input-group' is clicked on

2022-09-22 11:58:41 - [TEST_STEP][PASSED] - setText(findTestObject("Object Repository/Page_CURA Healthcare Service/input_Username_username"), "John Doe"): Text 'John Doe' is set on object 'Object Repository/Page_CURA Healthcare Service/input_Username_username'

2022-09-22 11:58:41 - [MESSAGE][PASSED] - Text 'John Doe' is set on object 'Object Repository/Page_CURA Healthcare Service/input_Username_username'

2022-09-22 11:58:41 - [TEST_STEP][PASSED] - click(findTestObject("Object Repository/Page_CURA Healthcare Service/input_Demo account_form-control")): Object: 'Object Repository/Page_CURA Healthcare Service/input_Demo account_form-control' is clicked on

2022-09-22 11:58:42 - [MESSAGE][PASSED] - Object: 'Object Repository/Page_CURA Healthcare Service/input_Demo account_form-control' is clicked on

2022-09-22 11:58:42 - [TEST_STEP][PASSED] - setEncryptedText(findTestObject("Object Repository/Page_CURA Healthcare Service/input_Password_password"), "g3/DOGG74jC3Flrr3yH+3D/yKbOqqUNM"): Text ****** has been set on object 'Object Repository/Page_CURA Healthcare Service/input_Password_password'

2022-09-22 11:58:42 - [MESSAGE][PASSED] - Text ****** has been set on object 'Object Repository/Page_CURA Healthcare Service/input_Password_password'

2022-09-22 11:58:42 - [TEST_STEP][PASSED] - click(findTestObject("Object Repository/Page_CURA Healthcare Service/button_Login")): Object: 'Object Repository/Page_CURA Healthcare Service/button_Login' is clicked on

2022-09-22 11:58:43 - [MESSAGE][PASSED] - Object: 'Object Repository/Page_CURA Healthcare Service/button_Login' is clicked on

2022-09-22 11:58:43 - [TEST_STEP][PASSED] - selectOptionByValue(findTestObject("Object Repository/Page_CURA Healthcare Service/select_Tokyo CURA Healthcare Center        _5b4107"), "Seoul CURA Healthcare Center", true): All options with value 'Seoul CURA Healthcare Center' are selected in object 'Object Repository/Page_CURA Healthcare Service/select_Tokyo CURA Healthcare Center        _5b4107'  using regular expression

2022-09-22 11:58:45 - [MESSAGE][PASSED] - All options with value 'Seoul CURA Healthcare Center' are selected in object 'Object Repository/Page_CURA Healthcare Service/select_Tokyo CURA Healthcare Center        _5b4107'  using regular expression

2022-09-22 11:58:45 - [TEST_STEP][PASSED] - click(findTestObject("Object Repository/Page_CURA Healthcare Service/input_Apply for hospital readmission_hospit_63901f")): Object: 'Object Repository/Page_CURA Healthcare Service/input_Apply for hospital readmission_hospit_63901f' is clicked on

2022-09-22 11:58:45 - [MESSAGE][PASSED] - Object: 'Object Repository/Page_CURA Healthcare Service/input_Apply for hospital readmission_hospit_63901f' is clicked on

2022-09-22 11:58:45 - [TEST_STEP][PASSED] - click(findTestObject("Object Repository/Page_CURA Healthcare Service/input_Medicaid_programs")): Object: 'Object Repository/Page_CURA Healthcare Service/input_Medicaid_programs' is clicked on

2022-09-22 11:58:46 - [MESSAGE][PASSED] - Object: 'Object Repository/Page_CURA Healthcare Service/input_Medicaid_programs' is clicked on

2022-09-22 11:58:46 - [TEST_STEP][PASSED] - click(findTestObject("Object Repository/Page_CURA Healthcare Service/span_Visit Date (Required)_glyphicon glyphi_cada34")): Object: 'Object Repository/Page_CURA Healthcare Service/span_Visit Date (Required)_glyphicon glyphi_cada34' is clicked on

2022-09-22 11:58:46 - [MESSAGE][PASSED] - Object: 'Object Repository/Page_CURA Healthcare Service/span_Visit Date (Required)_glyphicon glyphi_cada34' is clicked on

2022-09-22 11:58:46 - [TEST_STEP][PASSED] - click(findTestObject("Object Repository/Page_CURA Healthcare Service/td_28")): Object: 'Object Repository/Page_CURA Healthcare Service/td_28' is clicked on

2022-09-22 11:58:47 - [MESSAGE][PASSED] - Object: 'Object Repository/Page_CURA Healthcare Service/td_28' is clicked on

2022-09-22 11:58:47 - [TEST_STEP][PASSED] - setText(findTestObject("Object Repository/Page_CURA Healthcare Service/textarea_Comment_comment"), "My appointment is on 28th SEP 22"): Text 'My appointment is on 28th SEP 22' is set on object 'Object Repository/Page_CURA Healthcare Service/textarea_Comment_comment'

2022-09-22 11:58:48 - [MESSAGE][PASSED] - Text 'My appointment is on 28th SEP 22' is set on object 'Object Repository/Page_CURA Healthcare Service/textarea_Comment_comment'

2022-09-22 11:58:48 - [TEST_STEP][PASSED] - click(findTestObject("Object Repository/Page_CURA Healthcare Service/button_Book Appointment")): Object: 'Object Repository/Page_CURA Healthcare Service/button_Book Appointment' is clicked on

2022-09-22 11:58:48 - [MESSAGE][PASSED] - Object: 'Object Repository/Page_CURA Healthcare Service/button_Book Appointment' is clicked on

2022-09-22 11:58:48 - [TEST_STEP][PASSED] - verifyElementText(findTestObject("Object Repository/Page_CURA Healthcare Service/h2_Appointment Confirmation"), "Appointment Confirmation"): Actual text and expected text of test object 'Object Repository/Page_CURA Healthcare Service/h2_Appointment Confirmation' are matched.

2022-09-22 11:58:49 - [MESSAGE][PASSED] - Actual text and expected text of test object 'Object Repository/Page_CURA Healthcare Service/h2_Appointment Confirmation' are matched.

2022-09-22 11:58:49 - [TEST_STEP][PASSED] - click(findTestObject("Object Repository/Page_CURA Healthcare Service/a_Go to Homepage")): Object: 'Object Repository/Page_CURA Healthcare Service/a_Go to Homepage' is clicked on

2022-09-22 11:58:50 - [MESSAGE][PASSED] - Object: 'Object Repository/Page_CURA Healthcare Service/a_Go to Homepage' is clicked on

2022-09-22 11:58:50 - [TEST_STEP][PASSED] - closeBrowser(): Browser is closed

2022-09-22 11:58:50 - [MESSAGE][PASSED] - Browser is closed]]></system-out>
         <system-err><![CDATA[]]></system-err>
      </testcase>
      <system-out><![CDATA[2022-09-22 11:58:02 - [TEST_SUITE][PASSED] - Test Suite2: Test Cases/BookAppointment]]></system-out>
      <system-err><![CDATA[]]></system-err>
   </testsuite>
</testsuites>
