<?xml version="1.0" encoding="UTF-8"?>
<testsuites name="Test Suite Listener" time="1.562" tests="1" failures="0" errors="0">
   <testsuite name="Test Suite Listener" tests="1" failures="0" errors="0" time="1.562" skipped="0" timestamp="2022-09-26 14:49:00" hostname="OrCon - DESKTOP-3VGOKDA" id="Test Suites/Test Suite Listener">
      <properties>
         <property name="deviceName" value=""/>
         <property name="devicePlatform" value=""/>
         <property name="logFolder" value="C:\\Users\\OrCon\\git\\KatalonGitFreeProject\\KatalonGitFreeProject\\KatalonGitFreeProject\\Reports\\20220926_144854\\Test Suite Listener\\20220926_144854"/>
         <property name="logFiles" value="C:\\Users\\OrCon\\git\\KatalonGitFreeProject\\KatalonGitFreeProject\\KatalonGitFreeProject\\Reports\\20220926_144854\\Test Suite Listener\\20220926_144854\\execution0.log"/>
         <property name="attachments" value=""/>
         <property name="hostName" value="OrCon - DESKTOP-3VGOKDA"/>
         <property name="hostAddress" value="10.22.18.86"/>
         <property name="os" value="Windows 10 64bit"/>
         <property name="katalonVersion" value="8.4.1.208"/>
      </properties>
      <testcase name="Test Cases/Listeners Demo" time="0.807" classname="Test Cases/Listeners Demo" status="PASSED">
         <system-out><![CDATA[2022-09-26 14:49:00 - [TEST_CASE][PASSED] - Test Cases/Listeners Demo: Test Cases/Listeners Demo

2022-09-26 14:49:00 - [TEST_STEP][PASSED] - Start listener action : beforeTestCase: null

2022-09-26 14:49:00 - [TEST_STEP][PASSED] - println("I am inside before Test Case Function"): null

2022-09-26 14:49:01 - [TEST_STEP][PASSED] - println("I am inside the Lister Test Case"): null

2022-09-26 14:49:01 - [TEST_STEP][PASSED] - Start listener action : afterTestCase: null

2022-09-26 14:49:01 - [TEST_STEP][PASSED] - println("I am inside After Test Case Function"): null]]></system-out>
         <system-err><![CDATA[]]></system-err>
      </testcase>
      <system-out><![CDATA[2022-09-26 14:49:00 - [TEST_SUITE][PASSED] - Test Suite Listener: Test Cases/Listeners Demo]]></system-out>
      <system-err><![CDATA[]]></system-err>
   </testsuite>
</testsuites>
