<?xml version="1.0" encoding="UTF-8"?>
<testsuites name="Test Suite1" time="27.292" tests="2" failures="0" errors="0">
   <testsuite name="Test Suite1" tests="2" failures="0" errors="0" time="27.292" skipped="0" timestamp="2022-09-22 11:58:02" hostname="OrCon - DESKTOP-3VGOKDA" id="Test Suites/Test Suite1">
      <properties>
         <property name="deviceName" value=""/>
         <property name="devicePlatform" value=""/>
         <property name="logFolder" value="C:\\Users\\OrCon\\git\\KatalonGitFreeProject\\KatalonGitFreeProject\\KatalonGitFreeProject\\Reports\\20220922_115752\\Test Suite1\\20220922_115753"/>
         <property name="logFiles" value="C:\\Users\\OrCon\\git\\KatalonGitFreeProject\\KatalonGitFreeProject\\KatalonGitFreeProject\\Reports\\20220922_115752\\Test Suite1\\20220922_115753\\execution0.log"/>
         <property name="attachments" value=""/>
         <property name="hostName" value="OrCon - DESKTOP-3VGOKDA"/>
         <property name="os" value="Windows 10 64bit"/>
         <property name="katalonVersion" value="8.4.1.208"/>
         <property name="browser" value="Chrome 105.0.0.0"/>
         <property name="hostAddress" value="192.168.1.16"/>
         <property name="sessionId" value="1da32d7dd1c3089b790ded90457d8069"/>
         <property name="seleniumVersion" value="3.141.59"/>
         <property name="proxyInformation" value="ProxyInformation { proxyOption=NO_PROXY, proxyServerType=HTTP, username=, password=********, proxyServerAddress=, proxyServerPort=0, executionList=&quot;&quot;, isApplyToDesiredCapabilities=true }"/>
         <property name="platform" value="Windows 10"/>
      </properties>
      <testcase name="Test Cases/MyFirstTestCase" time="8.328" classname="Test Cases/MyFirstTestCase" status="PASSED">
         <system-out><![CDATA[2022-09-22 11:58:03 - [TEST_CASE][PASSED] - Test Cases/MyFirstTestCase: Test Cases/MyFirstTestCase

2022-09-22 11:58:04 - [TEST_STEP][PASSED] - openBrowser("google.com"): Browser is opened with url: 'google.com'

2022-09-22 11:58:06 - [MESSAGE][INFO] - Starting 'Chrome' driver

2022-09-22 11:58:06 - [MESSAGE][INFO] - Action delay is set to 0 milliseconds

2022-09-22 11:58:11 - [MESSAGE][PASSED] - Browser is opened with url: 'google.com']]></system-out>
         <system-err><![CDATA[]]></system-err>
      </testcase>
      <testcase name="Test Cases/BookAppointment" time="18.236" classname="Test Cases/BookAppointment" status="PASSED">
         <system-out><![CDATA[2022-09-22 11:58:11 - [TEST_CASE][PASSED] - Test Cases/BookAppointment: Test Cases/BookAppointment

2022-09-22 11:58:13 - [TEST_STEP][PASSED] - openBrowser(""): Browser is opened with url: ''

2022-09-22 11:58:13 - [MESSAGE][WARNING] - A browser is already opened. Closing browser and opening a new one

2022-09-22 11:58:14 - [MESSAGE][INFO] - Starting 'Chrome' driver

2022-09-22 11:58:14 - [MESSAGE][INFO] - Action delay is set to 0 milliseconds

2022-09-22 11:58:15 - [MESSAGE][PASSED] - Browser is opened with url: ''

2022-09-22 11:58:15 - [TEST_STEP][PASSED] - navigateToUrl("https://katalon-demo-cura.herokuapp.com/"): Navigate to 'https://katalon-demo-cura.herokuapp.com/' successfully

2022-09-22 11:58:18 - [MESSAGE][PASSED] - Navigate to 'https://katalon-demo-cura.herokuapp.com/' successfully

2022-09-22 11:58:18 - [TEST_STEP][PASSED] - click(findTestObject("Object Repository/Page_CURA Healthcare Service/a_Make Appointment")): Object: 'Object Repository/Page_CURA Healthcare Service/a_Make Appointment' is clicked on

2022-09-22 11:58:19 - [MESSAGE][PASSED] - Object: 'Object Repository/Page_CURA Healthcare Service/a_Make Appointment' is clicked on

2022-09-22 11:58:19 - [TEST_STEP][PASSED] - click(findTestObject("Object Repository/Page_CURA Healthcare Service/div_Demo account_input-group")): Object: 'Object Repository/Page_CURA Healthcare Service/div_Demo account_input-group' is clicked on

2022-09-22 11:58:19 - [MESSAGE][PASSED] - Object: 'Object Repository/Page_CURA Healthcare Service/div_Demo account_input-group' is clicked on

2022-09-22 11:58:19 - [TEST_STEP][PASSED] - setText(findTestObject("Object Repository/Page_CURA Healthcare Service/input_Username_username"), "John Doe"): Text 'John Doe' is set on object 'Object Repository/Page_CURA Healthcare Service/input_Username_username'

2022-09-22 11:58:20 - [MESSAGE][PASSED] - Text 'John Doe' is set on object 'Object Repository/Page_CURA Healthcare Service/input_Username_username'

2022-09-22 11:58:20 - [TEST_STEP][PASSED] - click(findTestObject("Object Repository/Page_CURA Healthcare Service/input_Demo account_form-control")): Object: 'Object Repository/Page_CURA Healthcare Service/input_Demo account_form-control' is clicked on

2022-09-22 11:58:21 - [MESSAGE][PASSED] - Object: 'Object Repository/Page_CURA Healthcare Service/input_Demo account_form-control' is clicked on

2022-09-22 11:58:21 - [TEST_STEP][PASSED] - setEncryptedText(findTestObject("Object Repository/Page_CURA Healthcare Service/input_Password_password"), "g3/DOGG74jC3Flrr3yH+3D/yKbOqqUNM"): Text ****** has been set on object 'Object Repository/Page_CURA Healthcare Service/input_Password_password'

2022-09-22 11:58:22 - [MESSAGE][PASSED] - Text ****** has been set on object 'Object Repository/Page_CURA Healthcare Service/input_Password_password'

2022-09-22 11:58:22 - [TEST_STEP][PASSED] - click(findTestObject("Object Repository/Page_CURA Healthcare Service/button_Login")): Object: 'Object Repository/Page_CURA Healthcare Service/button_Login' is clicked on

2022-09-22 11:58:23 - [MESSAGE][PASSED] - Object: 'Object Repository/Page_CURA Healthcare Service/button_Login' is clicked on

2022-09-22 11:58:23 - [TEST_STEP][PASSED] - selectOptionByValue(findTestObject("Object Repository/Page_CURA Healthcare Service/select_Tokyo CURA Healthcare Center        _5b4107"), "Seoul CURA Healthcare Center", true): All options with value 'Seoul CURA Healthcare Center' are selected in object 'Object Repository/Page_CURA Healthcare Service/select_Tokyo CURA Healthcare Center        _5b4107'  using regular expression

2022-09-22 11:58:24 - [MESSAGE][PASSED] - All options with value 'Seoul CURA Healthcare Center' are selected in object 'Object Repository/Page_CURA Healthcare Service/select_Tokyo CURA Healthcare Center        _5b4107'  using regular expression

2022-09-22 11:58:24 - [TEST_STEP][PASSED] - click(findTestObject("Object Repository/Page_CURA Healthcare Service/input_Apply for hospital readmission_hospit_63901f")): Object: 'Object Repository/Page_CURA Healthcare Service/input_Apply for hospital readmission_hospit_63901f' is clicked on

2022-09-22 11:58:24 - [MESSAGE][PASSED] - Object: 'Object Repository/Page_CURA Healthcare Service/input_Apply for hospital readmission_hospit_63901f' is clicked on

2022-09-22 11:58:24 - [TEST_STEP][PASSED] - click(findTestObject("Object Repository/Page_CURA Healthcare Service/input_Medicaid_programs")): Object: 'Object Repository/Page_CURA Healthcare Service/input_Medicaid_programs' is clicked on

2022-09-22 11:58:25 - [MESSAGE][PASSED] - Object: 'Object Repository/Page_CURA Healthcare Service/input_Medicaid_programs' is clicked on

2022-09-22 11:58:25 - [TEST_STEP][PASSED] - click(findTestObject("Object Repository/Page_CURA Healthcare Service/span_Visit Date (Required)_glyphicon glyphi_cada34")): Object: 'Object Repository/Page_CURA Healthcare Service/span_Visit Date (Required)_glyphicon glyphi_cada34' is clicked on

2022-09-22 11:58:25 - [MESSAGE][PASSED] - Object: 'Object Repository/Page_CURA Healthcare Service/span_Visit Date (Required)_glyphicon glyphi_cada34' is clicked on

2022-09-22 11:58:25 - [TEST_STEP][PASSED] - click(findTestObject("Object Repository/Page_CURA Healthcare Service/td_28")): Object: 'Object Repository/Page_CURA Healthcare Service/td_28' is clicked on

2022-09-22 11:58:26 - [MESSAGE][PASSED] - Object: 'Object Repository/Page_CURA Healthcare Service/td_28' is clicked on

2022-09-22 11:58:26 - [TEST_STEP][PASSED] - setText(findTestObject("Object Repository/Page_CURA Healthcare Service/textarea_Comment_comment"), "My appointment is on 28th SEP 22"): Text 'My appointment is on 28th SEP 22' is set on object 'Object Repository/Page_CURA Healthcare Service/textarea_Comment_comment'

2022-09-22 11:58:27 - [MESSAGE][PASSED] - Text 'My appointment is on 28th SEP 22' is set on object 'Object Repository/Page_CURA Healthcare Service/textarea_Comment_comment'

2022-09-22 11:58:27 - [TEST_STEP][PASSED] - click(findTestObject("Object Repository/Page_CURA Healthcare Service/button_Book Appointment")): Object: 'Object Repository/Page_CURA Healthcare Service/button_Book Appointment' is clicked on

2022-09-22 11:58:28 - [MESSAGE][PASSED] - Object: 'Object Repository/Page_CURA Healthcare Service/button_Book Appointment' is clicked on

2022-09-22 11:58:28 - [TEST_STEP][PASSED] - verifyElementText(findTestObject("Object Repository/Page_CURA Healthcare Service/h2_Appointment Confirmation"), "Appointment Confirmation"): Actual text and expected text of test object 'Object Repository/Page_CURA Healthcare Service/h2_Appointment Confirmation' are matched.

2022-09-22 11:58:28 - [MESSAGE][PASSED] - Actual text and expected text of test object 'Object Repository/Page_CURA Healthcare Service/h2_Appointment Confirmation' are matched.

2022-09-22 11:58:28 - [TEST_STEP][PASSED] - click(findTestObject("Object Repository/Page_CURA Healthcare Service/a_Go to Homepage")): Object: 'Object Repository/Page_CURA Healthcare Service/a_Go to Homepage' is clicked on

2022-09-22 11:58:29 - [MESSAGE][PASSED] - Object: 'Object Repository/Page_CURA Healthcare Service/a_Go to Homepage' is clicked on

2022-09-22 11:58:29 - [TEST_STEP][PASSED] - closeBrowser(): Browser is closed

2022-09-22 11:58:30 - [MESSAGE][PASSED] - Browser is closed]]></system-out>
         <system-err><![CDATA[]]></system-err>
      </testcase>
      <system-out><![CDATA[2022-09-22 11:58:02 - [TEST_SUITE][PASSED] - Test Suite1: Test Cases/BookAppointment]]></system-out>
      <system-err><![CDATA[]]></system-err>
   </testsuite>
</testsuites>
