<?xml version="1.0" encoding="UTF-8"?>
<testsuites name="Test Suite1" time="88.303" tests="3" failures="0" errors="0">
   <testsuite name="Test Suite1" tests="3" failures="0" errors="0" time="88.303" skipped="0" timestamp="2022-10-12 14:59:18" hostname="OrCon - DESKTOP-3VGOKDA" id="Test Suites/Test Suite1">
      <properties>
         <property name="deviceName" value=""/>
         <property name="devicePlatform" value=""/>
         <property name="logFolder" value="C:\\Users\\OrCon\\git\\KatalonGitFreeProject\\KatalonGitFreeProject\\KatalonGitFreeProject\\Reports\\20221012_145910\\Test Suite1\\20221012_145910"/>
         <property name="logFiles" value="C:\\Users\\OrCon\\git\\KatalonGitFreeProject\\KatalonGitFreeProject\\KatalonGitFreeProject\\Reports\\20221012_145910\\Test Suite1\\20221012_145910\\execution0.log"/>
         <property name="attachments" value=""/>
         <property name="hostName" value="OrCon - DESKTOP-3VGOKDA"/>
         <property name="os" value="Windows 10 64bit"/>
         <property name="katalonVersion" value="8.5.1.208"/>
         <property name="browser" value="Chrome 106.0.0.0"/>
         <property name="hostAddress" value="10.22.20.100"/>
         <property name="sessionId" value="6fb39d307e3e8466017937b28b554ea4"/>
         <property name="seleniumVersion" value="3.141.59"/>
         <property name="proxyInformation" value="ProxyInformation { proxyOption=NO_PROXY, proxyServerType=HTTP, username=, password=********, proxyServerAddress=, proxyServerPort=0, executionList=&quot;&quot;, isApplyToDesiredCapabilities=true }"/>
         <property name="platform" value="Windows 10"/>
      </properties>
      <testcase name="Test Cases/MyFirstTestCase" time="14.627" classname="Test Cases/MyFirstTestCase" status="PASSED">
         <system-out><![CDATA[2022-10-12 14:59:19 - [TEST_CASE][PASSED] - Test Cases/MyFirstTestCase: Test Cases/MyFirstTestCase

2022-10-12 14:59:19 - [TEST_STEP][PASSED] - Start listener action : beforeTestCase: null

2022-10-12 14:59:19 - [TEST_STEP][PASSED] - println("I am inside before Test Case Function"): null

2022-10-12 14:59:21 - [TEST_STEP][PASSED] - openBrowser("google.com"): Browser is opened with url: 'google.com'

2022-10-12 14:59:23 - [MESSAGE][INFO] - Starting 'Chrome' driver

2022-10-12 14:59:23 - [MESSAGE][INFO] - Action delay is set to 1,000 milliseconds

2022-10-12 14:59:34 - [MESSAGE][PASSED] - Browser is opened with url: 'google.com'

2022-10-12 14:59:34 - [TEST_STEP][PASSED] - Start listener action : afterTestCase: null

2022-10-12 14:59:34 - [TEST_STEP][PASSED] - println("I am inside After Test Case Function"): null]]></system-out>
         <system-err><![CDATA[]]></system-err>
      </testcase>
      <testcase name="Test Cases/BookAppointment" time="46.046" classname="Test Cases/BookAppointment" status="PASSED">
         <system-out><![CDATA[2022-10-12 14:59:34 - [TEST_CASE][PASSED] - Test Cases/BookAppointment: Test Cases/BookAppointment

2022-10-12 14:59:34 - [TEST_STEP][PASSED] - Start listener action : beforeTestCase: null

2022-10-12 14:59:34 - [TEST_STEP][PASSED] - println("I am inside before Test Case Function"): null

2022-10-12 14:59:36 - [TEST_STEP][PASSED] - openBrowser(""): Browser is opened with url: ''

2022-10-12 14:59:36 - [MESSAGE][WARNING] - A browser is already opened. Closing browser and opening a new one

2022-10-12 14:59:38 - [MESSAGE][INFO] - Starting 'Chrome' driver

2022-10-12 14:59:38 - [MESSAGE][INFO] - Action delay is set to 1,000 milliseconds

2022-10-12 14:59:42 - [MESSAGE][PASSED] - Browser is opened with url: ''

2022-10-12 14:59:42 - [TEST_STEP][PASSED] - navigateToUrl("https://katalon-demo-cura.herokuapp.com/"): Navigate to 'https://katalon-demo-cura.herokuapp.com/' successfully

2022-10-12 14:59:48 - [MESSAGE][PASSED] - Navigate to 'https://katalon-demo-cura.herokuapp.com/' successfully

2022-10-12 14:59:48 - [TEST_STEP][PASSED] - click(findTestObject("Object Repository/Page_CURA Healthcare Service/a_Make Appointment")): Object: 'Object Repository/Page_CURA Healthcare Service/a_Make Appointment' is clicked on

2022-10-12 14:59:51 - [MESSAGE][PASSED] - Object: 'Object Repository/Page_CURA Healthcare Service/a_Make Appointment' is clicked on

2022-10-12 14:59:51 - [TEST_STEP][PASSED] - click(findTestObject("Object Repository/Page_CURA Healthcare Service/div_Demo account_input-group")): Object: 'Object Repository/Page_CURA Healthcare Service/div_Demo account_input-group' is clicked on

2022-10-12 14:59:53 - [MESSAGE][PASSED] - Object: 'Object Repository/Page_CURA Healthcare Service/div_Demo account_input-group' is clicked on

2022-10-12 14:59:53 - [TEST_STEP][PASSED] - setText(findTestObject("Object Repository/Page_CURA Healthcare Service/input_Username_username"), "John Doe"): Text 'John Doe' is set on object 'Object Repository/Page_CURA Healthcare Service/input_Username_username'

2022-10-12 14:59:57 - [MESSAGE][PASSED] - Text 'John Doe' is set on object 'Object Repository/Page_CURA Healthcare Service/input_Username_username'

2022-10-12 14:59:57 - [TEST_STEP][PASSED] - click(findTestObject("Object Repository/Page_CURA Healthcare Service/input_Demo account_form-control")): Object: 'Object Repository/Page_CURA Healthcare Service/input_Demo account_form-control' is clicked on

2022-10-12 14:59:59 - [MESSAGE][PASSED] - Object: 'Object Repository/Page_CURA Healthcare Service/input_Demo account_form-control' is clicked on

2022-10-12 14:59:59 - [TEST_STEP][PASSED] - setEncryptedText(findTestObject("Object Repository/Page_CURA Healthcare Service/input_Password_password"), "g3/DOGG74jC3Flrr3yH+3D/yKbOqqUNM"): Text ****** has been set on object 'Object Repository/Page_CURA Healthcare Service/input_Password_password'

2022-10-12 15:00:01 - [MESSAGE][PASSED] - Text ****** has been set on object 'Object Repository/Page_CURA Healthcare Service/input_Password_password'

2022-10-12 15:00:01 - [TEST_STEP][PASSED] - click(findTestObject("Object Repository/Page_CURA Healthcare Service/button_Login")): Object: 'Object Repository/Page_CURA Healthcare Service/button_Login' is clicked on

2022-10-12 15:00:04 - [MESSAGE][PASSED] - Object: 'Object Repository/Page_CURA Healthcare Service/button_Login' is clicked on

2022-10-12 15:00:04 - [TEST_STEP][PASSED] - selectOptionByValue(findTestObject("Object Repository/Page_CURA Healthcare Service/select_Tokyo CURA Healthcare Center        _5b4107"), "Seoul CURA Healthcare Center", true): All options with value 'Seoul CURA Healthcare Center' are selected in object 'Object Repository/Page_CURA Healthcare Service/select_Tokyo CURA Healthcare Center        _5b4107'  using regular expression

2022-10-12 15:00:06 - [MESSAGE][PASSED] - All options with value 'Seoul CURA Healthcare Center' are selected in object 'Object Repository/Page_CURA Healthcare Service/select_Tokyo CURA Healthcare Center        _5b4107'  using regular expression

2022-10-12 15:00:06 - [TEST_STEP][PASSED] - click(findTestObject("Object Repository/Page_CURA Healthcare Service/input_Apply for hospital readmission_hospit_63901f")): Object: 'Object Repository/Page_CURA Healthcare Service/input_Apply for hospital readmission_hospit_63901f' is clicked on

2022-10-12 15:00:07 - [MESSAGE][PASSED] - Object: 'Object Repository/Page_CURA Healthcare Service/input_Apply for hospital readmission_hospit_63901f' is clicked on

2022-10-12 15:00:07 - [TEST_STEP][PASSED] - click(findTestObject("Object Repository/Page_CURA Healthcare Service/input_Medicaid_programs")): Object: 'Object Repository/Page_CURA Healthcare Service/input_Medicaid_programs' is clicked on

2022-10-12 15:00:09 - [MESSAGE][PASSED] - Object: 'Object Repository/Page_CURA Healthcare Service/input_Medicaid_programs' is clicked on

2022-10-12 15:00:09 - [TEST_STEP][PASSED] - click(findTestObject("Object Repository/Page_CURA Healthcare Service/span_Visit Date (Required)_glyphicon glyphi_cada34")): Object: 'Object Repository/Page_CURA Healthcare Service/span_Visit Date (Required)_glyphicon glyphi_cada34' is clicked on

2022-10-12 15:00:11 - [MESSAGE][PASSED] - Object: 'Object Repository/Page_CURA Healthcare Service/span_Visit Date (Required)_glyphicon glyphi_cada34' is clicked on

2022-10-12 15:00:11 - [TEST_STEP][PASSED] - click(findTestObject("Object Repository/Page_CURA Healthcare Service/td_28")): Object: 'Object Repository/Page_CURA Healthcare Service/td_28' is clicked on

2022-10-12 15:00:12 - [MESSAGE][PASSED] - Object: 'Object Repository/Page_CURA Healthcare Service/td_28' is clicked on

2022-10-12 15:00:12 - [TEST_STEP][PASSED] - setText(findTestObject("Object Repository/Page_CURA Healthcare Service/textarea_Comment_comment"), "My appointment is on 28th SEP 22"): Text 'My appointment is on 28th SEP 22' is set on object 'Object Repository/Page_CURA Healthcare Service/textarea_Comment_comment'

2022-10-12 15:00:15 - [MESSAGE][PASSED] - Text 'My appointment is on 28th SEP 22' is set on object 'Object Repository/Page_CURA Healthcare Service/textarea_Comment_comment'

2022-10-12 15:00:15 - [TEST_STEP][PASSED] - click(findTestObject("Object Repository/Page_CURA Healthcare Service/button_Book Appointment")): Object: 'Object Repository/Page_CURA Healthcare Service/button_Book Appointment' is clicked on

2022-10-12 15:00:17 - [MESSAGE][PASSED] - Object: 'Object Repository/Page_CURA Healthcare Service/button_Book Appointment' is clicked on

2022-10-12 15:00:17 - [TEST_STEP][PASSED] - verifyElementText(findTestObject("Object Repository/Page_CURA Healthcare Service/h2_Appointment Confirmation"), "Appointment Confirmation"): Actual text and expected text of test object 'Object Repository/Page_CURA Healthcare Service/h2_Appointment Confirmation' are matched.

2022-10-12 15:00:17 - [MESSAGE][PASSED] - Actual text and expected text of test object 'Object Repository/Page_CURA Healthcare Service/h2_Appointment Confirmation' are matched.

2022-10-12 15:00:17 - [TEST_STEP][PASSED] - click(findTestObject("Object Repository/Page_CURA Healthcare Service/a_Go to Homepage")): Object: 'Object Repository/Page_CURA Healthcare Service/a_Go to Homepage' is clicked on

2022-10-12 15:00:19 - [MESSAGE][PASSED] - Object: 'Object Repository/Page_CURA Healthcare Service/a_Go to Homepage' is clicked on

2022-10-12 15:00:19 - [TEST_STEP][PASSED] - closeBrowser(): Browser is closed

2022-10-12 15:00:20 - [MESSAGE][PASSED] - Browser is closed

2022-10-12 15:00:20 - [TEST_STEP][PASSED] - Start listener action : afterTestCase: null

2022-10-12 15:00:20 - [TEST_STEP][PASSED] - println("I am inside After Test Case Function"): null]]></system-out>
         <system-err><![CDATA[]]></system-err>
      </testcase>
      <testcase name="Test Cases/RecordModeTestCase" time="26.567" classname="Test Cases/RecordModeTestCase" status="PASSED">
         <system-out><![CDATA[2022-10-12 15:00:20 - [TEST_CASE][PASSED] - Test Cases/RecordModeTestCase: Test Cases/RecordModeTestCase

2022-10-12 15:00:20 - [TEST_STEP][PASSED] - Start listener action : beforeTestCase: null

2022-10-12 15:00:20 - [TEST_STEP][PASSED] - println("I am inside before Test Case Function"): null

2022-10-12 15:00:22 - [TEST_STEP][PASSED] - openBrowser(""): Browser is opened with url: ''

2022-10-12 15:00:22 - [MESSAGE][INFO] - Starting 'Chrome' driver

2022-10-12 15:00:22 - [MESSAGE][INFO] - Action delay is set to 1,000 milliseconds

2022-10-12 15:00:24 - [MESSAGE][PASSED] - Browser is opened with url: ''

2022-10-12 15:00:24 - [TEST_STEP][PASSED] - navigateToUrl("https://opensource-demo.orangehrmlive.com/web/index.php/auth/login"): Navigate to 'https://opensource-demo.orangehrmlive.com/web/index.php/auth/login' successfully

2022-10-12 15:00:30 - [MESSAGE][PASSED] - Navigate to 'https://opensource-demo.orangehrmlive.com/web/index.php/auth/login' successfully

2022-10-12 15:00:30 - [TEST_STEP][PASSED] - setText(findTestObject("Object Repository/RecordModeObjects/Page_OrangeHRM/input_Username_username"), "Admin"): Text 'Admin' is set on object 'Object Repository/RecordModeObjects/Page_OrangeHRM/input_Username_username'

2022-10-12 15:00:33 - [MESSAGE][PASSED] - Text 'Admin' is set on object 'Object Repository/RecordModeObjects/Page_OrangeHRM/input_Username_username'

2022-10-12 15:00:33 - [TEST_STEP][PASSED] - setEncryptedText(findTestObject("Object Repository/RecordModeObjects/Page_OrangeHRM/input_Password_password"), "hUKwJTbofgPU9eVlw/CnDQ=="): Text ****** has been set on object 'Object Repository/RecordModeObjects/Page_OrangeHRM/input_Password_password'

2022-10-12 15:00:36 - [MESSAGE][PASSED] - Text ****** has been set on object 'Object Repository/RecordModeObjects/Page_OrangeHRM/input_Password_password'

2022-10-12 15:00:36 - [TEST_STEP][PASSED] - click(findTestObject("Object Repository/RecordModeObjects/Page_OrangeHRM/button_Login")): Object: 'Object Repository/RecordModeObjects/Page_OrangeHRM/button_Login' is clicked on

2022-10-12 15:00:37 - [MESSAGE][PASSED] - Object: 'Object Repository/RecordModeObjects/Page_OrangeHRM/button_Login' is clicked on

2022-10-12 15:00:37 - [TEST_STEP][PASSED] - click(findTestObject("Object Repository/RecordModeObjects/Page_OrangeHRM/i_PIM_oxd-icon bi-caret-down-fill oxd-userd_9ba5b3")): Object: 'Object Repository/RecordModeObjects/Page_OrangeHRM/i_PIM_oxd-icon bi-caret-down-fill oxd-userd_9ba5b3' is clicked on

2022-10-12 15:00:43 - [MESSAGE][PASSED] - Object: 'Object Repository/RecordModeObjects/Page_OrangeHRM/i_PIM_oxd-icon bi-caret-down-fill oxd-userd_9ba5b3' is clicked on

2022-10-12 15:00:43 - [TEST_STEP][PASSED] - click(findTestObject("Object Repository/RecordModeObjects/Page_OrangeHRM/a_Logout")): Object: 'Object Repository/RecordModeObjects/Page_OrangeHRM/a_Logout' is clicked on

2022-10-12 15:00:45 - [MESSAGE][PASSED] - Object: 'Object Repository/RecordModeObjects/Page_OrangeHRM/a_Logout' is clicked on

2022-10-12 15:00:45 - [TEST_STEP][PASSED] - verifyElementText(findTestObject("Object Repository/RecordModeObjects/Page_OrangeHRM/h5_Login"), "Login"): Actual text and expected text of test object 'Object Repository/RecordModeObjects/Page_OrangeHRM/h5_Login' are matched.

2022-10-12 15:00:46 - [MESSAGE][PASSED] - Actual text and expected text of test object 'Object Repository/RecordModeObjects/Page_OrangeHRM/h5_Login' are matched.

2022-10-12 15:00:46 - [TEST_STEP][PASSED] - closeBrowser(): Browser is closed

2022-10-12 15:00:47 - [MESSAGE][PASSED] - Browser is closed

2022-10-12 15:00:47 - [TEST_STEP][PASSED] - Start listener action : afterTestCase: null

2022-10-12 15:00:47 - [TEST_STEP][PASSED] - println("I am inside After Test Case Function"): null]]></system-out>
         <system-err><![CDATA[]]></system-err>
      </testcase>
      <system-out><![CDATA[2022-10-12 14:59:18 - [TEST_SUITE][PASSED] - Test Suite1: Test Cases/RecordModeTestCase]]></system-out>
      <system-err><![CDATA[]]></system-err>
   </testsuite>
</testsuites>
