<?xml version="1.0" encoding="UTF-8"?>
<testsuites name="Test Suite2" time="82.001" tests="2" failures="0" errors="0">
   <testsuite name="Test Suite2" tests="2" failures="0" errors="0" time="82.001" skipped="0" timestamp="2022-11-04 11:55:45" hostname="OrCon - DESKTOP-3VGOKDA" id="Test Suites/Test Suite2">
      <properties>
         <property name="deviceName" value=""/>
         <property name="devicePlatform" value=""/>
         <property name="logFolder" value="C:\\Users\\OrCon\\git\\KatalonGitFreeProject\\KatalonGitFreeProject\\KatalonGitFreeProject\\Reports\\20221104_115533\\Test Suite2\\20221104_115536"/>
         <property name="logFiles" value="C:\\Users\\OrCon\\git\\KatalonGitFreeProject\\KatalonGitFreeProject\\KatalonGitFreeProject\\Reports\\20221104_115533\\Test Suite2\\20221104_115536\\execution0.log"/>
         <property name="attachments" value=""/>
         <property name="hostName" value="OrCon - DESKTOP-3VGOKDA"/>
         <property name="os" value="Windows 10 64bit"/>
         <property name="katalonVersion" value="8.5.1.208"/>
         <property name="browser" value="Firefox 106.0"/>
         <property name="hostAddress" value="10.22.18.35"/>
         <property name="sessionId" value="4926d2bd-9a23-4a94-83a4-d8a6e81734ab"/>
         <property name="seleniumVersion" value="3.141.59"/>
         <property name="proxyInformation" value="ProxyInformation { proxyOption=NO_PROXY, proxyServerType=HTTP, username=, password=********, proxyServerAddress=, proxyServerPort=0, executionList=&quot;&quot;, isApplyToDesiredCapabilities=true }"/>
         <property name="platform" value="Windows 10"/>
      </properties>
      <testcase name="Test Cases/Environment Profile Demo" time="38.191" classname="Test Cases/Environment Profile Demo" status="PASSED">
         <system-out><![CDATA[2022-11-04 11:55:46 - [TEST_CASE][PASSED] - Test Cases/Environment Profile Demo: Test Cases/Environment Profile Demo

2022-11-04 11:55:46 - [TEST_STEP][PASSED] - Start listener action : beforeTestCase: null

2022-11-04 11:55:46 - [TEST_STEP][PASSED] - println("I am inside before Test Case Function"): null

2022-11-04 11:55:47 - [TEST_STEP][PASSED] - openBrowser(""): Browser is opened with url: ''

2022-11-04 11:55:48 - [MESSAGE][INFO] - Starting 'Firefox' driver

2022-11-04 11:55:48 - [MESSAGE][INFO] - Action delay is set to 1,000 milliseconds

2022-11-04 11:55:56 - [MESSAGE][PASSED] - Browser is opened with url: ''

2022-11-04 11:55:56 - [TEST_STEP][PASSED] - navigateToUrl(URL): Navigate to 'https://admin-demo.nopcommerce.com/' successfully

2022-11-04 11:56:03 - [MESSAGE][PASSED] - Navigate to 'https://admin-demo.nopcommerce.com/' successfully

2022-11-04 11:56:03 - [TEST_STEP][PASSED] - click(findTestObject("Object Repository/EnvironmentProfileDemo/Page_Your store. Login/p_Admin email adminyourstore.com Admin pass_11085b")): Object: 'Object Repository/EnvironmentProfileDemo/Page_Your store. Login/p_Admin email adminyourstore.com Admin pass_11085b' is clicked on

2022-11-04 11:56:05 - [MESSAGE][PASSED] - Object: 'Object Repository/EnvironmentProfileDemo/Page_Your store. Login/p_Admin email adminyourstore.com Admin pass_11085b' is clicked on

2022-11-04 11:56:05 - [TEST_STEP][PASSED] - click(findTestObject("Object Repository/EnvironmentProfileDemo/Page_Your store. Login/div_Email")): Object: 'Object Repository/EnvironmentProfileDemo/Page_Your store. Login/div_Email' is clicked on

2022-11-04 11:56:06 - [MESSAGE][PASSED] - Object: 'Object Repository/EnvironmentProfileDemo/Page_Your store. Login/div_Email' is clicked on

2022-11-04 11:56:06 - [TEST_STEP][PASSED] - setText(findTestObject("Object Repository/EnvironmentProfileDemo/Page_Your store. Login/input_Email_Email"), USERNAME): Text 'admin@yourstore.com' is set on object 'Object Repository/EnvironmentProfileDemo/Page_Your store. Login/input_Email_Email'

2022-11-04 11:56:09 - [MESSAGE][PASSED] - Text 'admin@yourstore.com' is set on object 'Object Repository/EnvironmentProfileDemo/Page_Your store. Login/input_Email_Email'

2022-11-04 11:56:09 - [TEST_STEP][PASSED] - click(findTestObject("Object Repository/EnvironmentProfileDemo/Page_Your store. Login/div_Password")): Object: 'Object Repository/EnvironmentProfileDemo/Page_Your store. Login/div_Password' is clicked on

2022-11-04 11:56:11 - [MESSAGE][PASSED] - Object: 'Object Repository/EnvironmentProfileDemo/Page_Your store. Login/div_Password' is clicked on

2022-11-04 11:56:11 - [TEST_STEP][PASSED] - setEncryptedText(findTestObject("Object Repository/EnvironmentProfileDemo/Page_Your store. Login/input_Password_Password"), PASSWORD): Text ****** has been set on object 'Object Repository/EnvironmentProfileDemo/Page_Your store. Login/input_Password_Password'

2022-11-04 11:56:14 - [MESSAGE][PASSED] - Text ****** has been set on object 'Object Repository/EnvironmentProfileDemo/Page_Your store. Login/input_Password_Password'

2022-11-04 11:56:14 - [TEST_STEP][PASSED] - click(findTestObject("Object Repository/EnvironmentProfileDemo/Page_Your store. Login/button_Log in")): Object: 'Object Repository/EnvironmentProfileDemo/Page_Your store. Login/button_Log in' is clicked on

2022-11-04 11:56:19 - [MESSAGE][PASSED] - Object: 'Object Repository/EnvironmentProfileDemo/Page_Your store. Login/button_Log in' is clicked on

2022-11-04 11:56:19 - [TEST_STEP][PASSED] - click(findTestObject("Object Repository/EnvironmentProfileDemo/Page_Dashboard  nopCommerce administration/a_Logout")): Object: 'Object Repository/EnvironmentProfileDemo/Page_Dashboard  nopCommerce administration/a_Logout' is clicked on

2022-11-04 11:56:22 - [MESSAGE][PASSED] - Object: 'Object Repository/EnvironmentProfileDemo/Page_Dashboard  nopCommerce administration/a_Logout' is clicked on

2022-11-04 11:56:22 - [TEST_STEP][PASSED] - verifyElementPresent(findTestObject("Object Repository/EnvironmentProfileDemo/Page_Your store. Login/button_Log in"), 4): Object 'Object Repository/EnvironmentProfileDemo/Page_Your store. Login/button_Log in' is present

2022-11-04 11:56:23 - [MESSAGE][PASSED] - Object 'Object Repository/EnvironmentProfileDemo/Page_Your store. Login/button_Log in' is present

2022-11-04 11:56:23 - [TEST_STEP][PASSED] - closeBrowser(): Browser is closed

2022-11-04 11:56:24 - [MESSAGE][PASSED] - Browser is closed

2022-11-04 11:56:24 - [TEST_STEP][PASSED] - Start listener action : afterTestCase: null

2022-11-04 11:56:24 - [TEST_STEP][PASSED] - println("I am inside After Test Case Function"): null]]></system-out>
         <system-err><![CDATA[]]></system-err>
      </testcase>
      <testcase name="Test Cases/BookAppointment" time="42.866" classname="Test Cases/BookAppointment" status="PASSED">
         <system-out><![CDATA[2022-11-04 11:56:24 - [TEST_CASE][PASSED] - Test Cases/BookAppointment: Test Cases/BookAppointment

2022-11-04 11:56:24 - [TEST_STEP][PASSED] - Start listener action : beforeTestCase: null

2022-11-04 11:56:24 - [TEST_STEP][PASSED] - println("I am inside before Test Case Function"): null

2022-11-04 11:56:24 - [TEST_STEP][PASSED] - openBrowser(""): Browser is opened with url: ''

2022-11-04 11:56:24 - [MESSAGE][INFO] - Starting 'Firefox' driver

2022-11-04 11:56:24 - [MESSAGE][INFO] - Action delay is set to 1,000 milliseconds

2022-11-04 11:56:29 - [MESSAGE][PASSED] - Browser is opened with url: ''

2022-11-04 11:56:29 - [TEST_STEP][PASSED] - navigateToUrl("https://katalon-demo-cura.herokuapp.com/"): Navigate to 'https://katalon-demo-cura.herokuapp.com/' successfully

2022-11-04 11:56:37 - [MESSAGE][PASSED] - Navigate to 'https://katalon-demo-cura.herokuapp.com/' successfully

2022-11-04 11:56:37 - [TEST_STEP][PASSED] - click(findTestObject("Object Repository/Page_CURA Healthcare Service/a_Make Appointment")): Object: 'Object Repository/Page_CURA Healthcare Service/a_Make Appointment' is clicked on

2022-11-04 11:56:39 - [MESSAGE][PASSED] - Object: 'Object Repository/Page_CURA Healthcare Service/a_Make Appointment' is clicked on

2022-11-04 11:56:39 - [TEST_STEP][PASSED] - click(findTestObject("Object Repository/Page_CURA Healthcare Service/div_Demo account_input-group")): Object: 'Object Repository/Page_CURA Healthcare Service/div_Demo account_input-group' is clicked on

2022-11-04 11:56:41 - [MESSAGE][PASSED] - Object: 'Object Repository/Page_CURA Healthcare Service/div_Demo account_input-group' is clicked on

2022-11-04 11:56:41 - [TEST_STEP][PASSED] - setText(findTestObject("Object Repository/Page_CURA Healthcare Service/input_Username_username"), "John Doe"): Text 'John Doe' is set on object 'Object Repository/Page_CURA Healthcare Service/input_Username_username'

2022-11-04 11:56:44 - [MESSAGE][PASSED] - Text 'John Doe' is set on object 'Object Repository/Page_CURA Healthcare Service/input_Username_username'

2022-11-04 11:56:44 - [TEST_STEP][PASSED] - click(findTestObject("Object Repository/Page_CURA Healthcare Service/input_Demo account_form-control")): Object: 'Object Repository/Page_CURA Healthcare Service/input_Demo account_form-control' is clicked on

2022-11-04 11:56:45 - [MESSAGE][PASSED] - Object: 'Object Repository/Page_CURA Healthcare Service/input_Demo account_form-control' is clicked on

2022-11-04 11:56:45 - [TEST_STEP][PASSED] - setEncryptedText(findTestObject("Object Repository/Page_CURA Healthcare Service/input_Password_password"), "g3/DOGG74jC3Flrr3yH+3D/yKbOqqUNM"): Text ****** has been set on object 'Object Repository/Page_CURA Healthcare Service/input_Password_password'

2022-11-04 11:56:48 - [MESSAGE][PASSED] - Text ****** has been set on object 'Object Repository/Page_CURA Healthcare Service/input_Password_password'

2022-11-04 11:56:48 - [TEST_STEP][PASSED] - click(findTestObject("Object Repository/Page_CURA Healthcare Service/button_Login")): Object: 'Object Repository/Page_CURA Healthcare Service/button_Login' is clicked on

2022-11-04 11:56:50 - [MESSAGE][PASSED] - Object: 'Object Repository/Page_CURA Healthcare Service/button_Login' is clicked on

2022-11-04 11:56:50 - [TEST_STEP][PASSED] - selectOptionByValue(findTestObject("Object Repository/Page_CURA Healthcare Service/select_Tokyo CURA Healthcare Center        _5b4107"), "Seoul CURA Healthcare Center", true): All options with value 'Seoul CURA Healthcare Center' are selected in object 'Object Repository/Page_CURA Healthcare Service/select_Tokyo CURA Healthcare Center        _5b4107'  using regular expression

2022-11-04 11:56:52 - [MESSAGE][PASSED] - All options with value 'Seoul CURA Healthcare Center' are selected in object 'Object Repository/Page_CURA Healthcare Service/select_Tokyo CURA Healthcare Center        _5b4107'  using regular expression

2022-11-04 11:56:52 - [TEST_STEP][PASSED] - click(findTestObject("Object Repository/Page_CURA Healthcare Service/input_Apply for hospital readmission_hospit_63901f")): Object: 'Object Repository/Page_CURA Healthcare Service/input_Apply for hospital readmission_hospit_63901f' is clicked on

2022-11-04 11:56:54 - [MESSAGE][PASSED] - Object: 'Object Repository/Page_CURA Healthcare Service/input_Apply for hospital readmission_hospit_63901f' is clicked on

2022-11-04 11:56:54 - [TEST_STEP][PASSED] - click(findTestObject("Object Repository/Page_CURA Healthcare Service/input_Medicaid_programs")): Object: 'Object Repository/Page_CURA Healthcare Service/input_Medicaid_programs' is clicked on

2022-11-04 11:56:56 - [MESSAGE][PASSED] - Object: 'Object Repository/Page_CURA Healthcare Service/input_Medicaid_programs' is clicked on

2022-11-04 11:56:56 - [TEST_STEP][PASSED] - click(findTestObject("Object Repository/Page_CURA Healthcare Service/span_Visit Date (Required)_glyphicon glyphi_cada34")): Object: 'Object Repository/Page_CURA Healthcare Service/span_Visit Date (Required)_glyphicon glyphi_cada34' is clicked on

2022-11-04 11:56:57 - [MESSAGE][PASSED] - Object: 'Object Repository/Page_CURA Healthcare Service/span_Visit Date (Required)_glyphicon glyphi_cada34' is clicked on

2022-11-04 11:56:57 - [TEST_STEP][PASSED] - click(findTestObject("Object Repository/Page_CURA Healthcare Service/td_28")): Object: 'Object Repository/Page_CURA Healthcare Service/td_28' is clicked on

2022-11-04 11:56:59 - [MESSAGE][PASSED] - Object: 'Object Repository/Page_CURA Healthcare Service/td_28' is clicked on

2022-11-04 11:56:59 - [TEST_STEP][PASSED] - setText(findTestObject("Object Repository/Page_CURA Healthcare Service/textarea_Comment_comment"), "My appointment is on 28th SEP 22"): Text 'My appointment is on 28th SEP 22' is set on object 'Object Repository/Page_CURA Healthcare Service/textarea_Comment_comment'

2022-11-04 11:57:02 - [MESSAGE][PASSED] - Text 'My appointment is on 28th SEP 22' is set on object 'Object Repository/Page_CURA Healthcare Service/textarea_Comment_comment'

2022-11-04 11:57:02 - [TEST_STEP][PASSED] - click(findTestObject("Object Repository/Page_CURA Healthcare Service/button_Book Appointment")): Object: 'Object Repository/Page_CURA Healthcare Service/button_Book Appointment' is clicked on

2022-11-04 11:57:03 - [MESSAGE][PASSED] - Object: 'Object Repository/Page_CURA Healthcare Service/button_Book Appointment' is clicked on

2022-11-04 11:57:03 - [TEST_STEP][PASSED] - verifyElementText(findTestObject("Object Repository/Page_CURA Healthcare Service/h2_Appointment Confirmation"), "Appointment Confirmation"): Actual text and expected text of test object 'Object Repository/Page_CURA Healthcare Service/h2_Appointment Confirmation' are matched.

2022-11-04 11:57:04 - [MESSAGE][PASSED] - Actual text and expected text of test object 'Object Repository/Page_CURA Healthcare Service/h2_Appointment Confirmation' are matched.

2022-11-04 11:57:04 - [TEST_STEP][PASSED] - click(findTestObject("Object Repository/Page_CURA Healthcare Service/a_Go to Homepage")): Object: 'Object Repository/Page_CURA Healthcare Service/a_Go to Homepage' is clicked on

2022-11-04 11:57:06 - [MESSAGE][PASSED] - Object: 'Object Repository/Page_CURA Healthcare Service/a_Go to Homepage' is clicked on

2022-11-04 11:57:06 - [TEST_STEP][PASSED] - closeBrowser(): Browser is closed

2022-11-04 11:57:07 - [MESSAGE][PASSED] - Browser is closed

2022-11-04 11:57:07 - [TEST_STEP][PASSED] - Start listener action : afterTestCase: null

2022-11-04 11:57:07 - [TEST_STEP][PASSED] - println("I am inside After Test Case Function"): null]]></system-out>
         <system-err><![CDATA[]]></system-err>
      </testcase>
      <system-out><![CDATA[2022-11-04 11:55:45 - [TEST_SUITE][PASSED] - Test Suite2: Test Cases/BookAppointment]]></system-out>
      <system-err><![CDATA[]]></system-err>
   </testsuite>
</testsuites>
