<?xml version="1.0" encoding="UTF-8"?>
<testsuites name="Test Suite4" time="22.854" tests="1" failures="0" errors="0">
   <testsuite name="Test Suite4" tests="1" failures="0" errors="0" time="22.854" skipped="0" timestamp="2022-10-10 17:26:09" hostname="OrCon - DESKTOP-3VGOKDA" id="Test Suites/Test Suite4">
      <properties>
         <property name="deviceName" value=""/>
         <property name="devicePlatform" value=""/>
         <property name="logFolder" value="C:\\Users\\OrCon\\git\\KatalonGitFreeProject\\KatalonGitFreeProject\\KatalonGitFreeProject\\Reports\\20221010_172601\\Test Suite4\\20221010_172601"/>
         <property name="logFiles" value="C:\\Users\\OrCon\\git\\KatalonGitFreeProject\\KatalonGitFreeProject\\KatalonGitFreeProject\\Reports\\20221010_172601\\Test Suite4\\20221010_172601\\execution0.log"/>
         <property name="attachments" value=""/>
         <property name="hostName" value="OrCon - DESKTOP-3VGOKDA"/>
         <property name="os" value="Windows 10 64bit"/>
         <property name="katalonVersion" value="8.4.1.208"/>
         <property name="browser" value="Chrome 105.0.0.0"/>
         <property name="hostAddress" value="10.22.17.223"/>
         <property name="sessionId" value="f0778ebc8227946d2229be8f4f790ea8"/>
         <property name="seleniumVersion" value="3.141.59"/>
         <property name="proxyInformation" value="ProxyInformation { proxyOption=NO_PROXY, proxyServerType=HTTP, username=, password=********, proxyServerAddress=, proxyServerPort=0, executionList=&quot;&quot;, isApplyToDesiredCapabilities=true }"/>
         <property name="platform" value="Windows 10"/>
      </properties>
      <testcase name="Test Cases/Data Driven Demo1" time="21.553" classname="Test Cases/Data Driven Demo1" status="PASSED">
         <system-out><![CDATA[2022-10-10 17:26:11 - [TEST_CASE][PASSED] - Test Cases/Data Driven Demo1: Test Cases/Data Driven Demo1

2022-10-10 17:26:11 - [TEST_STEP][PASSED] - Start listener action : beforeTestCase: null

2022-10-10 17:26:11 - [TEST_STEP][PASSED] - println("I am inside before Test Case Function"): null

2022-10-10 17:26:12 - [TEST_STEP][PASSED] - openBrowser(""): Browser is opened with url: ''

2022-10-10 17:26:13 - [MESSAGE][INFO] - Starting 'Chrome' driver

2022-10-10 17:26:13 - [MESSAGE][INFO] - Action delay is set to 1,000 milliseconds

2022-10-10 17:26:17 - [MESSAGE][PASSED] - Browser is opened with url: ''

2022-10-10 17:26:17 - [TEST_STEP][PASSED] - navigateToUrl("https://katalon-demo-cura.herokuapp.com/"): Navigate to 'https://katalon-demo-cura.herokuapp.com/' successfully

2022-10-10 17:26:22 - [MESSAGE][PASSED] - Navigate to 'https://katalon-demo-cura.herokuapp.com/' successfully

2022-10-10 17:26:22 - [TEST_STEP][PASSED] - click(findTestObject("Object Repository/DataDrivenDemo1/Page_CURA Healthcare Service/a_Make Appointment")): Object: 'Object Repository/DataDrivenDemo1/Page_CURA Healthcare Service/a_Make Appointment' is clicked on

2022-10-10 17:26:24 - [MESSAGE][PASSED] - Object: 'Object Repository/DataDrivenDemo1/Page_CURA Healthcare Service/a_Make Appointment' is clicked on

2022-10-10 17:26:24 - [TEST_STEP][PASSED] - setText(findTestObject("Object Repository/DataDrivenDemo1/Page_CURA Healthcare Service/input_Username_username"), username): Text 'John Doe' is set on object 'Object Repository/DataDrivenDemo1/Page_CURA Healthcare Service/input_Username_username'

2022-10-10 17:26:27 - [MESSAGE][PASSED] - Text 'John Doe' is set on object 'Object Repository/DataDrivenDemo1/Page_CURA Healthcare Service/input_Username_username'

2022-10-10 17:26:27 - [TEST_STEP][PASSED] - setEncryptedText(findTestObject("Object Repository/DataDrivenDemo1/Page_CURA Healthcare Service/input_Password_password"), password): Text ****** has been set on object 'Object Repository/DataDrivenDemo1/Page_CURA Healthcare Service/input_Password_password'

2022-10-10 17:26:30 - [MESSAGE][PASSED] - Text ****** has been set on object 'Object Repository/DataDrivenDemo1/Page_CURA Healthcare Service/input_Password_password'

2022-10-10 17:26:30 - [TEST_STEP][PASSED] - click(findTestObject("Object Repository/DataDrivenDemo1/Page_CURA Healthcare Service/button_Login")): Object: 'Object Repository/DataDrivenDemo1/Page_CURA Healthcare Service/button_Login' is clicked on

2022-10-10 17:26:32 - [MESSAGE][PASSED] - Object: 'Object Repository/DataDrivenDemo1/Page_CURA Healthcare Service/button_Login' is clicked on

2022-10-10 17:26:32 - [TEST_STEP][PASSED] - Start listener action : afterTestCase: null

2022-10-10 17:26:32 - [TEST_STEP][PASSED] - println("I am inside After Test Case Function"): null]]></system-out>
         <system-err><![CDATA[]]></system-err>
      </testcase>
      <system-out><![CDATA[2022-10-10 17:26:09 - [TEST_SUITE][PASSED] - Test Suite4: Test Cases/Data Driven Demo1]]></system-out>
      <system-err><![CDATA[]]></system-err>
   </testsuite>
</testsuites>
